\BOOKMARK [0][-]{chapter.1}{Assunzioni e motivazioni}{}% 1
\BOOKMARK [1][-]{section.1.1}{Costo degli archi}{chapter.1}% 2
\BOOKMARK [1][-]{section.1.2}{Ordinamento dei fori}{chapter.1}% 3
\BOOKMARK [1][-]{section.1.3}{Costo della creazione di un modello \(CPLEX\)}{chapter.1}% 4
\BOOKMARK [1][-]{section.1.4}{Costo della popolazione iniziale \(GA\)}{chapter.1}% 5
\BOOKMARK [0][-]{chapter.2}{Modello di PLI}{}% 6
\BOOKMARK [1][-]{section.2.1}{Rimozione dei cappi}{chapter.2}% 7
\BOOKMARK [1][-]{section.2.2}{Archi mancanti}{chapter.2}% 8
\BOOKMARK [0][-]{chapter.3}{Algoritmo Genetico}{}% 9
\BOOKMARK [1][-]{section.3.1}{Algoritmo}{chapter.3}% 10
\BOOKMARK [1][-]{section.3.2}{Parametri}{chapter.3}% 11
\BOOKMARK [1][-]{section.3.3}{Componenti}{chapter.3}% 12
\BOOKMARK [2][-]{subsection.3.3.1}{Codifica e decodifica}{section.3.3}% 13
\BOOKMARK [2][-]{subsection.3.3.2}{Popolazione iniziale}{section.3.3}% 14
\BOOKMARK [2][-]{subsection.3.3.3}{Selezione}{section.3.3}% 15
\BOOKMARK [2][-]{subsection.3.3.4}{Crossover}{section.3.3}% 16
\BOOKMARK [2][-]{subsection.3.3.5}{Mutazione}{section.3.3}% 17
\BOOKMARK [2][-]{subsection.3.3.6}{Miglioramento}{section.3.3}% 18
\BOOKMARK [2][-]{subsection.3.3.7}{Accettazione}{section.3.3}% 19
\BOOKMARK [2][-]{subsection.3.3.8}{Gestione della Popolazione}{section.3.3}% 20
\BOOKMARK [2][-]{subsection.3.3.9}{Criteri di arresto}{section.3.3}% 21
\BOOKMARK [0][-]{chapter.4}{Analisi dei dati sperimentali}{}% 22
\BOOKMARK [1][-]{section.4.1}{Generazione delle istanze}{chapter.4}% 23
\BOOKMARK [1][-]{section.4.2}{Raccolta dei dati}{chapter.4}% 24
\BOOKMARK [1][-]{section.4.3}{Confronto}{chapter.4}% 25
\BOOKMARK [2][-]{subsection.4.3.1}{Tempo di sviluppo}{section.4.3}% 26
\BOOKMARK [2][-]{subsection.4.3.2}{Qualit\340}{section.4.3}% 27
\BOOKMARK [2][-]{subsection.4.3.3}{Stabilit\340}{section.4.3}% 28
\BOOKMARK [2][-]{subsection.4.3.4}{Tempo}{section.4.3}% 29
\BOOKMARK [0][-]{chapter.5}{Conclusioni}{}% 30
\BOOKMARK [1][-]{section.5.1}{Interpretazione}{chapter.5}% 31
\BOOKMARK [1][-]{section.5.2}{Margini di miglioramento}{chapter.5}% 32
\BOOKMARK [0][-]{appendix.Alph1}{Calibrazione dell'Algoritmo Genetico}{}% 33
\BOOKMARK [1][-]{section.Alph1.1}{Effetto marginale dei parametri}{appendix.Alph1}% 34
\BOOKMARK [1][-]{section.Alph1.2}{Distribuzione delle prestazioni}{appendix.Alph1}% 35
\BOOKMARK [1][-]{section.Alph1.3}{Relazione tra parametri e prestazioni}{appendix.Alph1}% 36
\BOOKMARK [1][-]{section.Alph1.4}{Funzione di calibrazione}{appendix.Alph1}% 37
\BOOKMARK [0][-]{appendix.Alph2}{Grafo simmetrico e fortemente connesso}{}% 38
